[debug] [2024-10-07T06:17:43.539Z] ----------------------------------------------------------------------
[debug] [2024-10-07T06:17:43.541Z] Command:       C:\Program Files\nodejs\node.exe C:\Users\Angelito\AppData\Roaming\npm\node_modules\firebase-tools\lib\bin\firebase.js init
[debug] [2024-10-07T06:17:43.541Z] CLI Version:   13.20.2
[debug] [2024-10-07T06:17:43.541Z] Platform:      win32
[debug] [2024-10-07T06:17:43.541Z] Node Version:  v20.11.0
[debug] [2024-10-07T06:17:43.541Z] Time:          Mon Oct 07 2024 00:17:43 GMT-0600 (hora estándar central)
[debug] [2024-10-07T06:17:43.542Z] ----------------------------------------------------------------------
[debug] 
[debug] [2024-10-07T06:17:43.545Z] >>> [apiv2][query] GET https://firebase-public.firebaseio.com/cli.json [none]
[debug] [2024-10-07T06:17:43.585Z] > command requires scopes: ["email","openid","https://www.googleapis.com/auth/cloudplatformprojects.readonly","https://www.googleapis.com/auth/firebase","https://www.googleapis.com/auth/cloud-platform"]
[debug] [2024-10-07T06:17:43.585Z] > authorizing via signed-in user (lexalegna559@gmail.com)
[info] 
     ######## #### ########  ######## ########     ###     ######  ########
     ##        ##  ##     ## ##       ##     ##  ##   ##  ##       ##
     ######    ##  ########  ######   ########  #########  ######  ######
     ##        ##  ##    ##  ##       ##     ## ##     ##       ## ##
     ##       #### ##     ## ######## ########  ##     ##  ######  ########

You're about to initialize a Firebase project in this directory:

  C:\Users\Angelito\OneDrive\Desktop\Angel Axel

[debug] [2024-10-07T06:17:43.779Z] <<< [apiv2][status] GET https://firebase-public.firebaseio.com/cli.json 200
[debug] [2024-10-07T06:17:43.780Z] <<< [apiv2][body] GET https://firebase-public.firebaseio.com/cli.json {"cloudBuildErrorAfter":1594252800000,"cloudBuildWarnAfter":1590019200000,"defaultNode10After":1594252800000,"minVersion":"3.0.5","node8DeploysDisabledAfter":1613390400000,"node8RuntimeDisabledAfter":1615809600000,"node8WarnAfter":1600128000000}
[debug] [2024-10-07T06:19:20.335Z] ----------------------------------------------------------------------
[debug] [2024-10-07T06:19:20.338Z] Command:       C:\Program Files\nodejs\node.exe C:\Users\Angelito\AppData\Roaming\npm\node_modules\firebase-tools\lib\bin\firebase.js init
[debug] [2024-10-07T06:19:20.339Z] CLI Version:   13.20.2
[debug] [2024-10-07T06:19:20.339Z] Platform:      win32
[debug] [2024-10-07T06:19:20.339Z] Node Version:  v20.11.0
[debug] [2024-10-07T06:19:20.339Z] Time:          Mon Oct 07 2024 00:19:20 GMT-0600 (hora estándar central)
[debug] [2024-10-07T06:19:20.339Z] ----------------------------------------------------------------------
[debug] 
[debug] [2024-10-07T06:19:20.344Z] > command requires scopes: ["email","openid","https://www.googleapis.com/auth/cloudplatformprojects.readonly","https://www.googleapis.com/auth/firebase","https://www.googleapis.com/auth/cloud-platform"]
[debug] [2024-10-07T06:19:20.344Z] > authorizing via signed-in user (lexalegna559@gmail.com)
[info] 
     ######## #### ########  ######## ########     ###     ######  ########
     ##        ##  ##     ## ##       ##     ##  ##   ##  ##       ##
     ######    ##  ########  ######   ########  #########  ######  ######
     ##        ##  ##    ##  ##       ##     ## ##     ##       ## ##
     ##       #### ##     ## ######## ########  ##     ##  ######  ########

You're about to initialize a Firebase project in this directory:

  C:\Users\Angelito\OneDrive\Desktop\Angel Axel

[debug] [2024-10-07T06:22:00.283Z] ----------------------------------------------------------------------
[debug] [2024-10-07T06:22:00.286Z] Command:       C:\Program Files\nodejs\node.exe C:\Users\Angelito\AppData\Roaming\npm\node_modules\firebase-tools\lib\bin\firebase.js init
[debug] [2024-10-07T06:22:00.286Z] CLI Version:   13.20.2
[debug] [2024-10-07T06:22:00.286Z] Platform:      win32
[debug] [2024-10-07T06:22:00.286Z] Node Version:  v20.11.0
[debug] [2024-10-07T06:22:00.286Z] Time:          Mon Oct 07 2024 00:22:00 GMT-0600 (hora estándar central)
[debug] [2024-10-07T06:22:00.286Z] ----------------------------------------------------------------------
[debug] 
[debug] [2024-10-07T06:22:00.293Z] > command requires scopes: ["email","openid","https://www.googleapis.com/auth/cloudplatformprojects.readonly","https://www.googleapis.com/auth/firebase","https://www.googleapis.com/auth/cloud-platform"]
[debug] [2024-10-07T06:22:00.293Z] > authorizing via signed-in user (lexalegna559@gmail.com)
[info] 
     ######## #### ########  ######## ########     ###     ######  ########
     ##        ##  ##     ## ##       ##     ##  ##   ##  ##       ##
     ######    ##  ########  ######   ########  #########  ######  ######
     ##        ##  ##    ##  ##       ##     ## ##     ##       ## ##
     ##       #### ##     ## ######## ########  ##     ##  ######  ########

You're about to initialize a Firebase project in this directory:

  C:\Users\Angelito\OneDrive\Desktop\Angel Axel

[info] 
=== Project Setup
[info] 
[info] First, let's associate this project directory with a Firebase project.
[info] You can create multiple project aliases by running firebase use --add, 
[info] but for now we'll just set up a default project.
[info] 
[debug] [2024-10-07T06:24:21.345Z] Checked if tokens are valid: true, expires at: 1728285631216
[debug] [2024-10-07T06:24:21.345Z] Checked if tokens are valid: true, expires at: 1728285631216
[debug] [2024-10-07T06:24:21.347Z] >>> [apiv2][query] GET https://firebase.googleapis.com/v1beta1/projects pageSize=100
[debug] [2024-10-07T06:24:21.883Z] <<< [apiv2][status] GET https://firebase.googleapis.com/v1beta1/projects 200
[debug] [2024-10-07T06:24:21.883Z] <<< [apiv2][body] GET https://firebase.googleapis.com/v1beta1/projects [omitted]
[info] i  Using project examen-35b78 (examen) 
[info] 
=== Hosting Setup
[debug] [2024-10-07T06:24:25.109Z] Checked if tokens are valid: true, expires at: 1728285631216
[debug] [2024-10-07T06:24:25.110Z] Checked if tokens are valid: true, expires at: 1728285631216
[debug] [2024-10-07T06:24:25.110Z] >>> [apiv2][query] GET https://firebase.googleapis.com/v1beta1/projects/examen-35b78 [none]
[debug] [2024-10-07T06:24:25.274Z] <<< [apiv2][status] GET https://firebase.googleapis.com/v1beta1/projects/examen-35b78 200
[debug] [2024-10-07T06:24:25.274Z] <<< [apiv2][body] GET https://firebase.googleapis.com/v1beta1/projects/examen-35b78 {"projectId":"examen-35b78","projectNumber":"814841113025","displayName":"examen","name":"projects/examen-35b78","resources":{"hostingSite":"examen-35b78"},"state":"ACTIVE","etag":"1_6f7a306a-0eb2-4423-9c61-0a105cdc9b4d"}
[info] 
[info] Your public directory is the folder (relative to your project directory) that
[info] will contain Hosting assets to be uploaded with firebase deploy. If you
[info] have a build process for your assets, use your build's output directory.
[info] 
[debug] [2024-10-07T06:24:55.418Z] >>> [apiv2][query] GET https://www.gstatic.com/firebasejs/releases.json [none]
[debug] [2024-10-07T06:24:55.619Z] <<< [apiv2][status] GET https://www.gstatic.com/firebasejs/releases.json 200
[debug] [2024-10-07T06:24:55.620Z] <<< [apiv2][body] GET https://www.gstatic.com/firebasejs/releases.json {"current":{"version":"10.14.0","browserURL":"https://www.gstatic.com/firebasejs/10.14.0/firebase.js","packageURL":"https://www.gstatic.com/firebasejs/10.14.0/firebase.tgz"},"live":{"version":"10.14","browserURL":"https://www.gstatic.com/firebasejs/live/10.14/firebase.js","packageURL":"https://www.gstatic.com/firebasejs/live/10.14/firebase.tgz"},"components":{"analytics":"https://www.gstatic.com/firebasejs/10.14.0/firebase-analytics.js","app":"https://www.gstatic.com/firebasejs/10.14.0/firebase-app.js","app-check":"https://www.gstatic.com/firebasejs/10.14.0/firebase-app-check.js","auth":"https://www.gstatic.com/firebasejs/10.14.0/firebase-auth.js","auth/cordova":"https://www.gstatic.com/firebasejs/10.14.0/firebase-auth/cordova.js","auth/web-extension":"https://www.gstatic.com/firebasejs/10.14.0/firebase-auth/web-extension.js","functions":"https://www.gstatic.com/firebasejs/10.14.0/firebase-functions.js","firestore":"https://www.gstatic.com/firebasejs/10.14.0/firebase-firestore.js","firestore/lite":"https://www.gstatic.com/firebasejs/10.14.0/firebase-firestore/lite.js","installations":"https://www.gstatic.com/firebasejs/10.14.0/firebase-installations.js","storage":"https://www.gstatic.com/firebasejs/10.14.0/firebase-storage.js","performance":"https://www.gstatic.com/firebasejs/10.14.0/firebase-performance.js","remote-config":"https://www.gstatic.com/firebasejs/10.14.0/firebase-remote-config.js","messaging":"https://www.gstatic.com/firebasejs/10.14.0/firebase-messaging.js","messaging/sw":"https://www.gstatic.com/firebasejs/10.14.0/firebase-messaging/sw.js","database":"https://www.gstatic.com/firebasejs/10.14.0/firebase-database.js","data-connect":"https://www.gstatic.com/firebasejs/10.14.0/firebase-data-connect.js","vertexai-preview":"https://www.gstatic.com/firebasejs/10.14.0/firebase-vertexai-preview.js","firestore.memory":"https://www.gstatic.com/firebasejs/10.14.0/firebase-firestore.memory.js"}}
[info] +  Wrote build/index.html 
[info] 
[info] i  Detected a .git folder at C:\Users\Angelito\OneDrive\Desktop\Angel Axel 
[info] i  Authorizing with GitHub to upload your service account to a GitHub repository's secrets store. 
[info] 
[info] Visit this URL on this device to log in:
[info] https://github.com/login/oauth/authorize?client_id=89cf50f02ac6aaed3484&state=43855088&redirect_uri=http%3A%2F%2Flocalhost%3A9005&scope=read%3Auser%20repo%20public_repo
[info] 
[info] Waiting for authentication...
[debug] [2024-10-07T06:25:18.127Z] >>> [apiv2][query] POST https://github.com/login/oauth/access_token [none]
[debug] [2024-10-07T06:25:18.128Z] >>> [apiv2][body] POST https://github.com/login/oauth/access_token [stream]
[debug] [2024-10-07T06:25:18.444Z] <<< [apiv2][status] POST https://github.com/login/oauth/access_token 200
[debug] [2024-10-07T06:25:18.444Z] <<< [apiv2][body] POST https://github.com/login/oauth/access_token {"access_token":"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","token_type":"bearer","scope":"read:user,repo"}
[debug] [2024-10-07T06:25:18.448Z] >>> [apiv2][query] GET https://api.github.com/user [none]
[debug] [2024-10-07T06:25:18.806Z] <<< [apiv2][status] GET https://api.github.com/user 200
[debug] [2024-10-07T06:25:18.807Z] <<< [apiv2][body] GET https://api.github.com/user {"login":"Angelljpg","id":138175150,"node_id":"U_kgDOCDxirg","avatar_url":"https://avatars.githubusercontent.com/u/138175150?v=4","gravatar_id":"","url":"https://api.github.com/users/Angelljpg","html_url":"https://github.com/Angelljpg","followers_url":"https://api.github.com/users/Angelljpg/followers","following_url":"https://api.github.com/users/Angelljpg/following{/other_user}","gists_url":"https://api.github.com/users/Angelljpg/gists{/gist_id}","starred_url":"https://api.github.com/users/Angelljpg/starred{/owner}{/repo}","subscriptions_url":"https://api.github.com/users/Angelljpg/subscriptions","organizations_url":"https://api.github.com/users/Angelljpg/orgs","repos_url":"https://api.github.com/users/Angelljpg/repos","events_url":"https://api.github.com/users/Angelljpg/events{/privacy}","received_events_url":"https://api.github.com/users/Angelljpg/received_events","type":"User","site_admin":false,"name":"AngelJGP","company":null,"blog":"","location":null,"email":null,"hireable":null,"bio":null,"twitter_username":null,"notification_email":null,"public_repos":5,"public_gists":0,"followers":0,"following":1,"created_at":"2023-06-30T00:31:39Z","updated_at":"2024-10-07T06:07:13Z","private_gists":0,"total_private_repos":3,"owned_private_repos":3,"disk_usage":1068,"collaborators":0,"two_factor_authentication":false,"plan":{"name":"free","space":976562499,"collaborators":0,"private_repos":10000}}
[info] 
[info] +  Success! Logged into GitHub as Angelljpg 
[info] 
[debug] [2024-10-07T06:25:41.798Z] >>> [apiv2][query] GET https://api.github.com/repos//actions/secrets/public-key type=owner
[debug] [2024-10-07T06:25:42.094Z] <<< [apiv2][status] GET https://api.github.com/repos//actions/secrets/public-key 404
[debug] [2024-10-07T06:25:42.094Z] <<< [apiv2][body] GET https://api.github.com/repos//actions/secrets/public-key {"message":"Not Found","documentation_url":"https://docs.github.com/rest","status":"404"}
[info] 
[info] 
[error] !  The provided authorization cannot be used with this repository. If this repository is in an organization, did you remember to grant access? 
[info] 
[info] i  Action required: Visit this URL to ensure access has been granted to the appropriate organization(s) for the Firebase CLI GitHub OAuth App: 
[info] https://github.com/settings/connections/applications/89cf50f02ac6aaed3484
[info] 
